This is pdfTeX, Version 3.141592653-2.6-1.40.24 (MiKTeX 22.7) (preloaded format=pdflatex 2022.8.28)  29 AUG 2022 23:24
entering extended mode
 restricted \write18 enabled.
 %&-line parsing enabled.
**./Draft.tex
(Draft.tex
LaTeX2e <2022-06-01> patch level 5
L3 programming layer <2022-07-04> (IEEEtran.cls
Document Class: IEEEtran 2015/08/26 V1.8b by Michael Shell
-- See the "IEEEtran_HOWTO" manual for usage information.
-- http://www.michaelshell.org/tex/ieeetran/
\@IEEEtrantmpdimenA=\dimen138
\@IEEEtrantmpdimenB=\dimen139
\@IEEEtrantmpdimenC=\dimen140
\@IEEEtrantmpcountA=\count185
\@IEEEtrantmpcountB=\count186
\@IEEEtrantmpcountC=\count187
\@IEEEtrantmptoksA=\toks16
LaTeX Font Info:    Trying to load font information for OT1+ptm on input line 5
03.
(D:\windows_apps\miktex\tex/latex/psnfss\ot1ptm.fd
File: ot1ptm.fd 2001/06/04 font definitions for OT1/ptm.
)
-- Using 8.5in x 11in (letter) paper.
-- Using PDF output.
\@IEEEnormalsizeunitybaselineskip=\dimen141
-- This is a 10 point document.
\CLASSINFOnormalsizebaselineskip=\dimen142
\CLASSINFOnormalsizeunitybaselineskip=\dimen143
\IEEEnormaljot=\dimen144
LaTeX Font Info:    Font shape `OT1/ptm/bx/n' in size <5> not available
(Font)              Font shape `OT1/ptm/b/n' tried instead on input line 1090.
LaTeX Font Info:    Font shape `OT1/ptm/bx/it' in size <5> not available
(Font)              Font shape `OT1/ptm/b/it' tried instead on input line 1090.

LaTeX Font Info:    Font shape `OT1/ptm/bx/n' in size <7> not available
(Font)              Font shape `OT1/ptm/b/n' tried instead on input line 1090.
LaTeX Font Info:    Font shape `OT1/ptm/bx/it' in size <7> not available
(Font)              Font shape `OT1/ptm/b/it' tried instead on input line 1090.

LaTeX Font Info:    Font shape `OT1/ptm/bx/n' in size <8> not available
(Font)              Font shape `OT1/ptm/b/n' tried instead on input line 1090.
LaTeX Font Info:    Font shape `OT1/ptm/bx/it' in size <8> not available
(Font)              Font shape `OT1/ptm/b/it' tried instead on input line 1090.

LaTeX Font Info:    Font shape `OT1/ptm/bx/n' in size <9> not available
(Font)              Font shape `OT1/ptm/b/n' tried instead on input line 1090.
LaTeX Font Info:    Font shape `OT1/ptm/bx/it' in size <9> not available
(Font)              Font shape `OT1/ptm/b/it' tried instead on input line 1090.

LaTeX Font Info:    Font shape `OT1/ptm/bx/n' in size <10> not available
(Font)              Font shape `OT1/ptm/b/n' tried instead on input line 1090.
LaTeX Font Info:    Font shape `OT1/ptm/bx/it' in size <10> not available
(Font)              Font shape `OT1/ptm/b/it' tried instead on input line 1090.

LaTeX Font Info:    Font shape `OT1/ptm/bx/n' in size <11> not available
(Font)              Font shape `OT1/ptm/b/n' tried instead on input line 1090.
LaTeX Font Info:    Font shape `OT1/ptm/bx/it' in size <11> not available
(Font)              Font shape `OT1/ptm/b/it' tried instead on input line 1090.

LaTeX Font Info:    Font shape `OT1/ptm/bx/n' in size <12> not available
(Font)              Font shape `OT1/ptm/b/n' tried instead on input line 1090.
LaTeX Font Info:    Font shape `OT1/ptm/bx/it' in size <12> not available
(Font)              Font shape `OT1/ptm/b/it' tried instead on input line 1090.

LaTeX Font Info:    Font shape `OT1/ptm/bx/n' in size <17> not available
(Font)              Font shape `OT1/ptm/b/n' tried instead on input line 1090.
LaTeX Font Info:    Font shape `OT1/ptm/bx/it' in size <17> not available
(Font)              Font shape `OT1/ptm/b/it' tried instead on input line 1090.

LaTeX Font Info:    Font shape `OT1/ptm/bx/n' in size <20> not available
(Font)              Font shape `OT1/ptm/b/n' tried instead on input line 1090.
LaTeX Font Info:    Font shape `OT1/ptm/bx/it' in size <20> not available
(Font)              Font shape `OT1/ptm/b/it' tried instead on input line 1090.

LaTeX Font Info:    Font shape `OT1/ptm/bx/n' in size <24> not available
(Font)              Font shape `OT1/ptm/b/n' tried instead on input line 1090.
LaTeX Font Info:    Font shape `OT1/ptm/bx/it' in size <24> not available
(Font)              Font shape `OT1/ptm/b/it' tried instead on input line 1090.

\IEEEquantizedlength=\dimen145
\IEEEquantizedlengthdiff=\dimen146
\IEEEquantizedtextheightdiff=\dimen147
\IEEEilabelindentA=\dimen148
\IEEEilabelindentB=\dimen149
\IEEEilabelindent=\dimen150
\IEEEelabelindent=\dimen151
\IEEEdlabelindent=\dimen152
\IEEElabelindent=\dimen153
\IEEEiednormlabelsep=\dimen154
\IEEEiedmathlabelsep=\dimen155
\IEEEiedtopsep=\skip47
\c@section=\count188
\c@subsection=\count189
\c@subsubsection=\count190
\c@paragraph=\count191
\c@IEEEsubequation=\count192
\abovecaptionskip=\skip48
\belowcaptionskip=\skip49
\c@figure=\count193
\c@table=\count194
\@IEEEeqnnumcols=\count195
\@IEEEeqncolcnt=\count196
\@IEEEsubeqnnumrollback=\count197
\@IEEEquantizeheightA=\dimen156
\@IEEEquantizeheightB=\dimen157
\@IEEEquantizeheightC=\dimen158
\@IEEEquantizeprevdepth=\dimen159
\@IEEEquantizemultiple=\count198
\@IEEEquantizeboxA=\box51
\@IEEEtmpitemindent=\dimen160
\IEEEPARstartletwidth=\dimen161
\c@IEEEbiography=\count199
\@IEEEtranrubishbin=\box52
) (D:\windows_apps\miktex\tex/latex/graphics\graphicx.sty
Package: graphicx 2021/09/16 v1.2d Enhanced LaTeX Graphics (DPC,SPQR)

(D:\windows_apps\miktex\tex/latex/graphics\keyval.sty
Package: keyval 2022/05/29 v1.15 key=value parser (DPC)
\KV@toks@=\toks17
)
(D:\windows_apps\miktex\tex/latex/graphics\graphics.sty
Package: graphics 2022/03/10 v1.4e Standard LaTeX Graphics (DPC,SPQR)

(D:\windows_apps\miktex\tex/latex/graphics\trig.sty
Package: trig 2021/08/11 v1.11 sin cos tan (DPC)
)
(D:\windows_apps\miktex\tex/latex/graphics-cfg\graphics.cfg
File: graphics.cfg 2016/06/04 v1.11 sample graphics configuration
)
Package graphics Info: Driver file: pdftex.def on input line 107.

(D:\windows_apps\miktex\tex/latex/graphics-def\pdftex.def
File: pdftex.def 2020/10/05 v1.2a Graphics/color driver for pdftex
))
\Gin@req@height=\dimen162
\Gin@req@width=\dimen163
)
(D:\windows_apps\miktex\tex/latex/caption\caption.sty
Package: caption 2022/03/01 v3.6b Customizing captions (AR)

(D:\windows_apps\miktex\tex/latex/caption\caption3.sty
Package: caption3 2022/03/17 v2.3b caption3 kernel (AR)
\caption@tempdima=\dimen164
\captionmargin=\dimen165
\caption@leftmargin=\dimen166
\caption@rightmargin=\dimen167
\caption@width=\dimen168
\caption@indent=\dimen169
\caption@parindent=\dimen170
\caption@hangindent=\dimen171
Package caption Info: Unknown document class (or package),
(caption)             standard defaults will be used.
Package caption Info: \@makecaption = \long macro:#1#2->\ifx \@captype \@IEEEta
blestring \footnotesize \bgroup \par \centering \@IEEEtabletopskipstrut {\norma
lfont \footnotesize #1}\\{\normalfont \footnotesize \scshape #2}\par \addvspace
 {0.5\baselineskip }\egroup \@IEEEtablecaptionsepspace \else \@IEEEfigurecaptio
nsepspace \setbox \@tempboxa \hbox {\normalfont \footnotesize {#1.}\nobreakspac
e \nobreakspace #2}\ifdim \wd \@tempboxa >\hsize \setbox \@tempboxa \hbox {\nor
malfont \footnotesize {#1.}\nobreakspace \nobreakspace }\parbox [t]{\hsize }{\n
ormalfont \footnotesize \noindent \unhbox \@tempboxa #2}\else \ifCLASSOPTIONcon
ference \hbox to\hsize {\normalfont \footnotesize \hfil \box \@tempboxa \hfil }
\else \hbox to\hsize {\normalfont \footnotesize \box \@tempboxa \hfil }\fi \fi 
\fi  on input line 1176.
)

Package caption Warning: Unknown document class (or package),
(caption)                standard defaults will be used.
See the caption package documentation for explanation.

\c@caption@flags=\count266
\c@continuedfloat=\count267
) (D:\windows_apps\miktex\tex/latex/subfig\subfig.sty
Package: subfig 2005/06/28 ver: 1.3 subfig package
\c@KVtest=\count268
\sf@farskip=\skip50
\sf@captopadj=\dimen172
\sf@capskip=\skip51
\sf@nearskip=\skip52
\c@subfigure=\count269
\c@subfigure@save=\count270
\c@lofdepth=\count271
\c@subtable=\count272
\c@subtable@save=\count273
\c@lotdepth=\count274
\sf@top=\skip53
\sf@bottom=\skip54
)
(D:\windows_apps\miktex\tex/latex/adjustbox\adjustbox.sty
Package: adjustbox 2020/08/19 v1.3 Adjusting TeX boxes (trim, clip, ...)

(D:\windows_apps\miktex\tex/latex/xkeyval\xkeyval.sty
Package: xkeyval 2022/06/16 v2.9 package option processing (HA)

(D:\windows_apps\miktex\tex/generic/xkeyval\xkeyval.tex
(D:\windows_apps\miktex\tex/generic/xkeyval\xkvutils.tex
\XKV@toks=\toks18
\XKV@tempa@toks=\toks19
)
\XKV@depth=\count275
File: xkeyval.tex 2014/12/03 v2.7a key=value parser (HA)
))
(D:\windows_apps\miktex\tex/latex/adjustbox\adjcalc.sty
Package: adjcalc 2012/05/16 v1.1 Provides advanced setlength with multiple back
-ends (calc, etex, pgfmath)
)
(D:\windows_apps\miktex\tex/latex/adjustbox\trimclip.sty
Package: trimclip 2020/08/19 v1.2 Trim and clip general TeX material

(D:\windows_apps\miktex\tex/latex/collectbox\collectbox.sty
Package: collectbox 2012/05/17 v0.4b Collect macro arguments as boxes
\collectedbox=\box53
)
\tc@llx=\dimen173
\tc@lly=\dimen174
\tc@urx=\dimen175
\tc@ury=\dimen176
Package trimclip Info: Using driver 'tc-pdftex.def'.

(D:\windows_apps\miktex\tex/latex/adjustbox\tc-pdftex.def
File: tc-pdftex.def 2019/01/04 v2.2 Clipping driver for pdftex
))
\adjbox@Width=\dimen177
\adjbox@Height=\dimen178
\adjbox@Depth=\dimen179
\adjbox@Totalheight=\dimen180
\adjbox@pwidth=\dimen181
\adjbox@pheight=\dimen182
\adjbox@pdepth=\dimen183
\adjbox@ptotalheight=\dimen184

(D:\windows_apps\miktex\tex/latex/ifoddpage\ifoddpage.sty
Package: ifoddpage 2016/04/23 v1.1 Conditionals for odd/even page detection
\c@checkoddpage=\count276
)
(D:\windows_apps\miktex\tex/latex/varwidth\varwidth.sty
Package: varwidth 2009/03/30 ver 0.92;  Variable-width minipages
\@vwid@box=\box54
\sift@deathcycles=\count277
\@vwid@loff=\dimen185
\@vwid@roff=\dimen186
))
(D:\windows_apps\miktex\tex/latex/l3backend\l3backend-pdftex.def
File: l3backend-pdftex.def 2022-07-01 L3 backend support: PDF output (pdfTeX)
\l__color_backend_stack_int=\count278
\l__pdf_internal_box=\box55
) (Draft.aux

LaTeX Warning: Label `fig:base_line_model' multiply defined.

)
\openout1 = `Draft.aux'.

LaTeX Font Info:    Checking defaults for OML/cmm/m/it on input line 317.
LaTeX Font Info:    ... okay on input line 317.
LaTeX Font Info:    Checking defaults for OMS/cmsy/m/n on input line 317.
LaTeX Font Info:    ... okay on input line 317.
LaTeX Font Info:    Checking defaults for OT1/cmr/m/n on input line 317.
LaTeX Font Info:    ... okay on input line 317.
LaTeX Font Info:    Checking defaults for T1/cmr/m/n on input line 317.
LaTeX Font Info:    ... okay on input line 317.
LaTeX Font Info:    Checking defaults for TS1/cmr/m/n on input line 317.
LaTeX Font Info:    ... okay on input line 317.
LaTeX Font Info:    Checking defaults for OMX/cmex/m/n on input line 317.
LaTeX Font Info:    ... okay on input line 317.
LaTeX Font Info:    Checking defaults for U/cmr/m/n on input line 317.
LaTeX Font Info:    ... okay on input line 317.

-- Lines per column: 56 (exact).
(D:\windows_apps\miktex\tex/context/base/mkii\supp-pdf.mkii
[Loading MPS to PDF converter (version 2006.09.02).]
\scratchcounter=\count279
\scratchdimen=\dimen187
\scratchbox=\box56
\nofMPsegments=\count280
\nofMParguments=\count281
\everyMPshowfont=\toks20
\MPscratchCnt=\count282
\MPscratchDim=\dimen188
\MPnumerator=\count283
\makeMPintoPDFobject=\count284
\everyMPtoPDFconversion=\toks21
) (D:\windows_apps\miktex\tex/latex/epstopdf-pkg\epstopdf-base.sty
Package: epstopdf-base 2020-01-24 v2.11 Base part for package epstopdf
Package epstopdf-base Info: Redefining graphics rule for `.eps' on input line 4
85.

(D:\windows_apps\miktex\tex/latex/00miktex\epstopdf-sys.cfg
File: epstopdf-sys.cfg 2021/03/18 v2.0 Configuration of epstopdf for MiKTeX
))
Package caption Info: Begin \AtBeginDocument code.
Package caption Info: subfig package v1.3 is loaded.
Package caption Info: End \AtBeginDocument code.
LaTeX Font Info:    External font `cmex10' loaded for size
(Font)              <7> on input line 386.
LaTeX Font Info:    External font `cmex10' loaded for size
(Font)              <5> on input line 386.
<filter_banks/gaussians.png, id=1, 560.59438pt x 406.51875pt>
File: filter_banks/gaussians.png Graphic file (type png)
<use filter_banks/gaussians.png>
Package pdftex.def Info: filter_banks/gaussians.png  used on input line 414.
(pdftex.def)             Requested size: 258.0pt x 187.10013pt.

Overfull \hbox (6.0pt too wide) in paragraph at lines 414--415
 [][] 
 []


LaTeX Warning: No positions in optional float specifier.
               Default added (so using `tbp') on input line 423.

<filter_banks/DoG.png, id=3, 433.62pt x 289.08pt>
File: filter_banks/DoG.png Graphic file (type png)
<use filter_banks/DoG.png>
Package pdftex.def Info: filter_banks/DoG.png  used on input line 425.
(pdftex.def)             Requested size: 258.0pt x 70.42804pt.

Overfull \hbox (6.0pt too wide) in paragraph at lines 425--426
 [][] 
 []

<filter_banks/LM.png, id=4, 433.62pt x 289.08pt>
File: filter_banks/LM.png Graphic file (type png)
<use filter_banks/LM.png>
Package pdftex.def Info: filter_banks/LM.png  used on input line 434.
(pdftex.def)             Requested size: 258.0pt x 172.00693pt.

Overfull \hbox (6.0pt too wide) in paragraph at lines 434--435
 [][] 
 []

<filter_banks/Gabor.png, id=5, 433.62pt x 289.08pt>
File: filter_banks/Gabor.png Graphic file (type png)
<use filter_banks/Gabor.png>
Package pdftex.def Info: filter_banks/Gabor.png  used on input line 442.
(pdftex.def)             Requested size: 258.0pt x 172.00693pt.

Overfull \hbox (6.0pt too wide) in paragraph at lines 442--443
 [][] 
 []

[1{C:/Users/saikr/AppData/Local/MiKTeX/fonts/map/pdftex/pdftex.map}


 <./filter_banks/gaussians.png> <./filter_banks/DoG.png>]
<clustered/Clustered_1.png, id=24, 433.62pt x 289.08pt>
File: clustered/Clustered_1.png Graphic file (type png)
<use clustered/Clustered_1.png>
Package pdftex.def Info: clustered/Clustered_1.png  used on input line 463.
(pdftex.def)             Requested size: 258.0pt x 40.14005pt.

Overfull \hbox (13.00012pt too wide) in paragraph at lines 463--464
 [][] 
 []

<clustered/Clustered_2.png, id=25, 433.62pt x 289.08pt>
File: clustered/Clustered_2.png Graphic file (type png)
<use clustered/Clustered_2.png>
Package pdftex.def Info: clustered/Clustered_2.png  used on input line 467.
(pdftex.def)             Requested size: 258.0pt x 40.14005pt.

Overfull \hbox (13.00012pt too wide) in paragraph at lines 467--468
 [][] 
 []

<clustered/Clustered_3.png, id=26, 433.62pt x 289.08pt>
File: clustered/Clustered_3.png Graphic file (type png)
<use clustered/Clustered_3.png>
Package pdftex.def Info: clustered/Clustered_3.png  used on input line 471.
(pdftex.def)             Requested size: 258.0pt x 40.14005pt.

Overfull \hbox (13.00012pt too wide) in paragraph at lines 471--472
 [][] 
 []

<clustered/Clustered_4.png, id=28, 433.62pt x 289.08pt>
File: clustered/Clustered_4.png Graphic file (type png)
<use clustered/Clustered_4.png>
Package pdftex.def Info: clustered/Clustered_4.png  used on input line 475.
(pdftex.def)             Requested size: 258.0pt x 40.14005pt.

Overfull \hbox (13.00012pt too wide) in paragraph at lines 475--476
 [][] 
 []

<clustered/Clustered_5.png, id=30, 433.62pt x 289.08pt>
File: clustered/Clustered_5.png Graphic file (type png)
<use clustered/Clustered_5.png>
Package pdftex.def Info: clustered/Clustered_5.png  used on input line 479.
(pdftex.def)             Requested size: 258.0pt x 40.14005pt.

Overfull \hbox (13.00012pt too wide) in paragraph at lines 479--480
 [][] 
 []

<clustered/Clustered_6.png, id=32, 433.62pt x 289.08pt>
File: clustered/Clustered_6.png Graphic file (type png)
<use clustered/Clustered_6.png>
Package pdftex.def Info: clustered/Clustered_6.png  used on input line 488.
(pdftex.def)             Requested size: 258.0pt x 40.14005pt.

Overfull \hbox (13.00012pt too wide) in paragraph at lines 488--489
 [][] 
 []

<clustered/Clustered_7.png, id=33, 433.62pt x 289.08pt>
File: clustered/Clustered_7.png Graphic file (type png)
<use clustered/Clustered_7.png>
Package pdftex.def Info: clustered/Clustered_7.png  used on input line 492.
(pdftex.def)             Requested size: 258.0pt x 40.14005pt.

Overfull \hbox (13.00012pt too wide) in paragraph at lines 492--493
 [][] 
 []

<clustered/Clustered_8.png, id=34, 433.62pt x 289.08pt>
File: clustered/Clustered_8.png Graphic file (type png)
<use clustered/Clustered_8.png>
Package pdftex.def Info: clustered/Clustered_8.png  used on input line 496.
(pdftex.def)             Requested size: 258.0pt x 40.14005pt.

Overfull \hbox (13.00012pt too wide) in paragraph at lines 496--497
 [][] 
 []

<clustered/Clustered_9.png, id=35, 433.62pt x 289.08pt>
File: clustered/Clustered_9.png Graphic file (type png)
<use clustered/Clustered_9.png>
Package pdftex.def Info: clustered/Clustered_9.png  used on input line 500.
(pdftex.def)             Requested size: 258.0pt x 40.14005pt.

Overfull \hbox (13.00012pt too wide) in paragraph at lines 500--501
 [][] 
 []

<clustered/Clustered_10.png, id=36, 433.62pt x 289.08pt>
File: clustered/Clustered_10.png Graphic file (type png)
<use clustered/Clustered_10.png>
Package pdftex.def Info: clustered/Clustered_10.png  used on input line 504.
(pdftex.def)             Requested size: 258.0pt x 87.76335pt.

Overfull \hbox (13.00012pt too wide) in paragraph at lines 504--505
 [][] 
 []

<filter_banks/HDMasks.png, id=37, 433.62pt x 289.08pt>
File: filter_banks/HDMasks.png Graphic file (type png)
<use filter_banks/HDMasks.png>
Package pdftex.def Info: filter_banks/HDMasks.png  used on input line 519.
(pdftex.def)             Requested size: 258.0pt x 172.00693pt.

Overfull \hbox (6.0pt too wide) in paragraph at lines 519--520
 [][] 
 []

<gradients/Gradients_1.png, id=38, 433.62pt x 289.08pt>
File: gradients/Gradients_1.png Graphic file (type png)
<use gradients/Gradients_1.png>
Package pdftex.def Info: gradients/Gradients_1.png  used on input line 530.
(pdftex.def)             Requested size: 258.0pt x 40.14005pt.

Overfull \hbox (13.00012pt too wide) in paragraph at lines 530--531
 [][] 
 []

<gradients/Gradients_2.png, id=39, 433.62pt x 289.08pt>
File: gradients/Gradients_2.png Graphic file (type png)
<use gradients/Gradients_2.png>
Package pdftex.def Info: gradients/Gradients_2.png  used on input line 534.
(pdftex.def)             Requested size: 258.0pt x 40.14005pt.

Overfull \hbox (13.00012pt too wide) in paragraph at lines 534--535
 [][] 
 []

<gradients/Gradients_3.png, id=40, 433.62pt x 289.08pt>
File: gradients/Gradients_3.png Graphic file (type png)
<use gradients/Gradients_3.png>
Package pdftex.def Info: gradients/Gradients_3.png  used on input line 538.
(pdftex.def)             Requested size: 258.0pt x 40.14005pt.

Overfull \hbox (13.00012pt too wide) in paragraph at lines 538--539
 [][] 
 []

<gradients/Gradients_4.png, id=41, 433.62pt x 289.08pt>
File: gradients/Gradients_4.png Graphic file (type png)
<use gradients/Gradients_4.png>
Package pdftex.def Info: gradients/Gradients_4.png  used on input line 542.
(pdftex.def)             Requested size: 258.0pt x 40.14005pt.

Overfull \hbox (13.00012pt too wide) in paragraph at lines 542--543
 [][] 
 []

<gradients/Gradients_5.png, id=42, 433.62pt x 289.08pt>
File: gradients/Gradients_5.png Graphic file (type png)
<use gradients/Gradients_5.png>
Package pdftex.def Info: gradients/Gradients_5.png  used on input line 546.
(pdftex.def)             Requested size: 258.0pt x 40.14005pt.

Overfull \hbox (13.00012pt too wide) in paragraph at lines 546--547
 [][] 
 []

<gradients/Gradients_6.png, id=43, 433.62pt x 289.08pt>
File: gradients/Gradients_6.png Graphic file (type png)
<use gradients/Gradients_6.png>
Package pdftex.def Info: gradients/Gradients_6.png  used on input line 555.
(pdftex.def)             Requested size: 258.0pt x 40.14005pt.

Overfull \hbox (13.00012pt too wide) in paragraph at lines 555--556
 [][] 
 []

<gradients/Gradients_7.png, id=44, 433.62pt x 289.08pt>
File: gradients/Gradients_7.png Graphic file (type png)
<use gradients/Gradients_7.png>
Package pdftex.def Info: gradients/Gradients_7.png  used on input line 559.
(pdftex.def)             Requested size: 258.0pt x 40.14005pt.

Overfull \hbox (13.00012pt too wide) in paragraph at lines 559--560
 [][] 
 []

<gradients/Gradients_8.png, id=45, 433.62pt x 289.08pt>
File: gradients/Gradients_8.png Graphic file (type png)
<use gradients/Gradients_8.png>
Package pdftex.def Info: gradients/Gradients_8.png  used on input line 563.
(pdftex.def)             Requested size: 258.0pt x 40.14005pt.

Overfull \hbox (13.00012pt too wide) in paragraph at lines 563--564
 [][] 
 []

<gradients/Gradients_9.png, id=46, 433.62pt x 289.08pt>
File: gradients/Gradients_9.png Graphic file (type png)
<use gradients/Gradients_9.png>
Package pdftex.def Info: gradients/Gradients_9.png  used on input line 567.
(pdftex.def)             Requested size: 258.0pt x 40.14005pt.

Overfull \hbox (13.00012pt too wide) in paragraph at lines 567--568
 [][] 
 []

<gradients/Gradients_10.png, id=47, 433.62pt x 289.08pt>
File: gradients/Gradients_10.png Graphic file (type png)
<use gradients/Gradients_10.png>
Package pdftex.def Info: gradients/Gradients_10.png  used on input line 571.
(pdftex.def)             Requested size: 258.0pt x 87.76335pt.

Overfull \hbox (13.00012pt too wide) in paragraph at lines 571--572
 [][] 
 []

<pbEdges.png, id=48, 433.62pt x 289.08pt>
File: pbEdges.png Graphic file (type png)
<use pbEdges.png>
Package pdftex.def Info: pbEdges.png  used on input line 584.
(pdftex.def)             Requested size: 258.0pt x 159.0173pt.

Overfull \hbox (6.0pt too wide) in paragraph at lines 584--585
 [][] 
 []

<phase_1_compare/1.png, id=49, 888.82062pt x 205.26688pt>
File: phase_1_compare/1.png Graphic file (type png)
<use phase_1_compare/1.png>
Package pdftex.def Info: phase_1_compare/1.png  used on input line 592.
(pdftex.def)             Requested size: 206.39685pt x 36.80727pt.
<phase_1_compare/8.png, id=50, 901.86937pt x 202.25563pt>
File: phase_1_compare/8.png Graphic file (type png)
<use phase_1_compare/8.png>
Package pdftex.def Info: phase_1_compare/8.png  used on input line 600.
(pdftex.def)             Requested size: 206.39685pt x 35.50351pt.
[2 <./clustered/Clustered_3.png> <./clustered/Clustered_4.png> <./clustered/Clu
stered_5.png> <./filter_banks/LM.png> <./filter_banks/Gabor.png> <./clustered/C
lustered_1.png> <./clustered/Clustered_2.png>]
<models/base_line.png, id=65, 246.9225pt x 1911.14pt>
File: models/base_line.png Graphic file (type png)
<use models/base_line.png>
Package pdftex.def Info: models/base_line.png  used on input line 614.
(pdftex.def)             Requested size: 74.0773pt x 573.34644pt.
<CM/base_model.png, id=66, 388.95313pt x 446.16687pt>
File: CM/base_model.png Graphic file (type png)
<use CM/base_model.png>
Package pdftex.def Info: CM/base_model.png  used on input line 621.
(pdftex.def)             Requested size: 206.39685pt x 236.76006pt.
<models/batchnorm.png, id=67, 511.9125pt x 2043.635pt>
File: models/batchnorm.png Graphic file (type png)
<use models/batchnorm.png>
Package pdftex.def Info: models/batchnorm.png  used on input line 632.
(pdftex.def)             Requested size: 129.0pt x 514.99252pt.
 [3 <./clustered/Clustered_6.png> <./clustered/Clustered_7.png> <./clustered/Cl
ustered_8.png> <./clustered/Clustered_9.png> <./clustered/Clustered_10.png> <./
filter_banks/HDMasks.png> <./gradients/Gradients_1.png> <./gradients/Gradients_
2.png> <./gradients/Gradients_3.png> <./gradients/Gradients_4.png> <./gradients
/Gradients_5.png>]
<CM/batch_norm.png, id=82, 386.94562pt x 477.785pt>
File: CM/batch_norm.png Graphic file (type png)
<use CM/batch_norm.png>
Package pdftex.def Info: CM/batch_norm.png  used on input line 640.
(pdftex.def)             Requested size: 206.39685pt x 254.8506pt.
 [4 <./gradients/Gradients_6.png> <./gradients/Gradients_7.png> <./gradients/Gr
adients_8.png> <./gradients/Gradients_9.png> <./gradients/Gradients_10.png> <./
pbEdges.png> <./phase_1_compare/1.png> <./phase_1_compare/8.png> <./models/base
_line.png>]
<compare_graphs/baseline_model_accuracy_compare.png, id=95, 433.62pt x 433.62pt
>
File: compare_graphs/baseline_model_accuracy_compare.png Graphic file (type png
)
<use compare_graphs/baseline_model_accuracy_compare.png>
Package pdftex.def Info: compare_graphs/baseline_model_accuracy_compare.png  us
ed on input line 654.
(pdftex.def)             Requested size: 206.39685pt x 206.3951pt.
<compare_graphs/baseline_model_loss_compare.png, id=96, 433.62pt x 433.62pt>
File: compare_graphs/baseline_model_loss_compare.png Graphic file (type png)
<use compare_graphs/baseline_model_loss_compare.png>
Package pdftex.def Info: compare_graphs/baseline_model_loss_compare.png  used o
n input line 661.
(pdftex.def)             Requested size: 206.39685pt x 206.3951pt.
<hyperparams/allmodels.png, id=97, 498.86375pt x 131.49126pt>
File: hyperparams/allmodels.png Graphic file (type png)
<use hyperparams/allmodels.png>
Package pdftex.def Info: hyperparams/allmodels.png  used on input line 668.
(pdftex.def)             Requested size: 516.0pt x 136.02135pt.


LaTeX Warning: `!h' float specifier changed to `!ht'.

<models/ResNetBlock.png, id=98, 597.23125pt x 602.25pt>
File: models/ResNetBlock.png Graphic file (type png)
<use models/ResNetBlock.png>
Package pdftex.def Info: models/ResNetBlock.png  used on input line 679.
(pdftex.def)             Requested size: 206.39685pt x 208.13486pt.
<models/ResNetModel.png, id=99, 111.91812pt x 378.41376pt>
File: models/ResNetModel.png Graphic file (type png)
<use models/ResNetModel.png>
Package pdftex.def Info: models/ResNetModel.png  used on input line 686.
(pdftex.def)             Requested size: 51.60315pt x 174.48239pt.
<compare_graphs/resnet_accuracy_compare.png, id=100, 433.62pt x 433.62pt>
File: compare_graphs/resnet_accuracy_compare.png Graphic file (type png)
<use compare_graphs/resnet_accuracy_compare.png>
Package pdftex.def Info: compare_graphs/resnet_accuracy_compare.png  used on in
put line 694.
(pdftex.def)             Requested size: 206.39685pt x 206.3951pt.
<compare_graphs/resnet_loss_compare.png, id=101, 433.62pt x 433.62pt>
File: compare_graphs/resnet_loss_compare.png Graphic file (type png)
<use compare_graphs/resnet_loss_compare.png>
Package pdftex.def Info: compare_graphs/resnet_loss_compare.png  used on input 
line 701.
(pdftex.def)             Requested size: 206.39685pt x 206.3951pt.
<CM/resnet.png, id=102, 388.45125pt x 480.29437pt>
File: CM/resnet.png Graphic file (type png)
<use CM/resnet.png>
Package pdftex.def Info: CM/resnet.png  used on input line 714.
(pdftex.def)             Requested size: 206.39685pt x 255.19972pt.
<models/ResNeXt.png, id=103, 732.7375pt x 499.8675pt>
File: models/ResNeXt.png Graphic file (type png)
<use models/ResNeXt.png>
Package pdftex.def Info: models/ResNeXt.png  used on input line 726.
(pdftex.def)             Requested size: 206.39685pt x 140.80095pt.
<models/ResNeXtModel.png, id=104, 108.90688pt x 373.89688pt>
File: models/ResNeXtModel.png Graphic file (type png)
<use models/ResNeXtModel.png>
Package pdftex.def Info: models/ResNeXtModel.png  used on input line 733.
(pdftex.def)             Requested size: 51.60315pt x 177.15785pt.
<CM/resnext.png, id=105, 390.45876pt x 481.8pt>
File: CM/resnext.png Graphic file (type png)
<use CM/resnext.png>
Package pdftex.def Info: CM/resnext.png  used on input line 740.
(pdftex.def)             Requested size: 206.39685pt x 254.67642pt.

Underfull \vbox (badness 10000) has occurred while \output is active []

 [5 <./CM/base_model.png> <./models/batchnorm.png>]
<CM/densenet.png, id=111, 385.94188pt x 477.28313pt>
File: CM/densenet.png Graphic file (type png)
<use CM/densenet.png>
Package pdftex.def Info: CM/densenet.png  used on input line 754.
(pdftex.def)             Requested size: 206.39685pt x 255.24562pt.
<models/DenseNetLayer.png, id=112, 296.60812pt x 545.53813pt>
File: models/DenseNetLayer.png Graphic file (type png)
<use models/DenseNetLayer.png>
Package pdftex.def Info: models/DenseNetLayer.png  used on input line 761.
(pdftex.def)             Requested size: 51.60315pt x 94.90456pt.
<models/DenseNetModel.png, id=113, 114.92938pt x 541.02126pt>
File: models/DenseNetModel.png Graphic file (type png)
<use models/DenseNetModel.png>
Package pdftex.def Info: models/DenseNetModel.png  used on input line 768.
(pdftex.def)             Requested size: 51.60315pt x 242.92072pt.


** Conference Paper **
Before submitting the final camera ready copy, remember to:

 1. Manually equalize the lengths of two columns on the last page
 of your paper;

 2. Ensure that any PostScript and/or PDF output post-processing
 uses only Type 1 fonts and that every step in the generation
 process uses the appropriate paper size.

[6 <./CM/batch_norm.png> <./compare_graphs/baseline_model_accuracy_compare.png>
 <./compare_graphs/baseline_model_loss_compare.png>] [7 <./hyperparams/allmodel
s.png> <./models/ResNetBlock.png> <./models/ResNetModel.png> <./compare_graphs/
resnet_accuracy_compare.png> <./compare_graphs/resnet_loss_compare.png>]
[8 <./CM/resnet.png> <./models/ResNeXt.png> <./models/ResNeXtModel.png> <./CM/r
esnext.png> <./CM/densenet.png>] [9

 <./models/DenseNetLayer.png> <./models/DenseNetModel.png>] (Draft.aux)

LaTeX Warning: There were multiply-defined labels.

 ) 
Here is how much of TeX's memory you used:
 5136 strings out of 478338
 97277 string characters out of 2847018
 406183 words of memory out of 3000000
 23499 multiletter control sequences out of 15000+600000
 499704 words of font info for 77 fonts, out of 8000000 for 9000
 1144 hyphenation exceptions out of 8191
 55i,11n,63p,1196b,538s stack positions out of 10000i,1000n,20000p,200000b,80000s
{D:/windows_apps/miktex/fonts/enc/dvips/base/8r.enc}<D:/windows_apps/miktex/f
onts/type1/public/amsfonts/cm/cmmi10.pfb><D:/windows_apps/miktex/fonts/type1/pu
blic/amsfonts/cm/cmmi5.pfb><D:/windows_apps/miktex/fonts/type1/public/amsfonts/
cm/cmmi7.pfb><D:/windows_apps/miktex/fonts/type1/public/amsfonts/cm/cmr10.pfb><
D:/windows_apps/miktex/fonts/type1/public/amsfonts/cm/cmr5.pfb><D:/windows_apps
/miktex/fonts/type1/public/amsfonts/cm/cmr7.pfb><D:/windows_apps/miktex/fonts/t
ype1/public/amsfonts/cm/cmsy10.pfb><D:/windows_apps/miktex/fonts/type1/public/a
msfonts/cm/cmsy5.pfb><D:/windows_apps/miktex/fonts/type1/public/amsfonts/cm/cms
y7.pfb><D:/windows_apps/miktex/fonts/type1/urw/times/utmb8a.pfb><D:/windows_app
s/miktex/fonts/type1/urw/times/utmbi8a.pfb><D:/windows_apps/miktex/fonts/type1/
urw/times/utmr8a.pfb><D:/windows_apps/miktex/fonts/type1/urw/times/utmri8a.pfb>

Output written on Draft.pdf (9 pages, 24305771 bytes).
PDF statistics:
 197 PDF objects out of 1000 (max. 8388607)
 0 named destinations out of 1000 (max. 500000)
 249 words of extra memory for PDF output out of 10000 (max. 10000000)

